0 info it worked if it ends with ok
1 verbose cli [ '/usr/bin/node', '/usr/bin/npm', 'install' ]
2 info using npm@3.5.2
3 info using node@v8.10.0
4 silly loadCurrentTree Starting
5 silly install loadCurrentTree
6 silly install readLocalPackageData
7 silly install normalizeTree
8 silly loadCurrentTree Finishing
9 silly loadIdealTree Starting
10 silly install loadIdealTree
11 silly cloneCurrentTree Starting
12 silly install cloneCurrentTreeToIdealTree
13 silly cloneCurrentTree Finishing
14 silly loadShrinkwrap Starting
15 silly install loadShrinkwrap
16 silly loadShrinkwrap Finishing
17 silly loadAllDepsIntoIdealTree Starting
18 silly install loadAllDepsIntoIdealTree
19 silly fetchNamedPackageData fsevents
20 silly mapToRegistry name fsevents
21 silly mapToRegistry using default registry
22 silly mapToRegistry registry https://registry.npmjs.org/
23 silly mapToRegistry uri https://registry.npmjs.org/fsevents
24 verbose request uri https://registry.npmjs.org/fsevents
25 verbose request no auth needed
26 info attempt registry request try #1 at 4:00:48 PM
27 verbose request id b61f9315144be619
28 verbose etag W/"897b89cb36d39b1e4f3706e4aaceba9b"
29 verbose lastModified Fri, 05 Feb 2021 14:46:37 GMT
30 http request GET https://registry.npmjs.org/fsevents
31 http 304 https://registry.npmjs.org/fsevents
32 verbose headers { date: 'Wed, 02 Jun 2021 16:00:48 GMT',
32 verbose headers   connection: 'keep-alive',
32 verbose headers   'cf-ray': '6591e591af7959df-IAD',
32 verbose headers   age: '195',
32 verbose headers   'cache-control': 'public, max-age=300',
32 verbose headers   etag: '"897b89cb36d39b1e4f3706e4aaceba9b"',
32 verbose headers   'last-modified': 'Fri, 05 Feb 2021 14:46:37 GMT',
32 verbose headers   vary: 'Accept-Encoding',
32 verbose headers   'cf-cache-status': 'HIT',
32 verbose headers   'cf-request-id': '0a6f0dcf06000059df5517a000000001',
32 verbose headers   'expect-ct': 'max-age=604800, report-uri="https://report-uri.cloudflare.com/cdn-cgi/beacon/expect-ct"',
32 verbose headers   server: 'cloudflare' }
33 silly get cb [ 304,
33 silly get   { date: 'Wed, 02 Jun 2021 16:00:48 GMT',
33 silly get     connection: 'keep-alive',
33 silly get     'cf-ray': '6591e591af7959df-IAD',
33 silly get     age: '195',
33 silly get     'cache-control': 'public, max-age=300',
33 silly get     etag: '"897b89cb36d39b1e4f3706e4aaceba9b"',
33 silly get     'last-modified': 'Fri, 05 Feb 2021 14:46:37 GMT',
33 silly get     vary: 'Accept-Encoding',
33 silly get     'cf-cache-status': 'HIT',
33 silly get     'cf-request-id': '0a6f0dcf06000059df5517a000000001',
33 silly get     'expect-ct': 'max-age=604800, report-uri="https://report-uri.cloudflare.com/cdn-cgi/beacon/expect-ct"',
33 silly get     server: 'cloudflare' } ]
34 verbose etag https://registry.npmjs.org/fsevents from cache
35 verbose get saving fsevents to /home/linuxadmin/.npm/registry.npmjs.org/fsevents/.cache.json
36 silly resolveWithNewModule fsevents@2.3.2 checking installable status
37 silly loadAllDepsIntoIdealTree Finishing
38 silly idealTree:prePrune storybooks@1.0.0
38 silly idealTree:prePrune ├── @sindresorhus/is@0.14.0
38 silly idealTree:prePrune ├── @szmarczak/http-timer@1.1.2
38 silly idealTree:prePrune ├── @types/bson@4.0.3
38 silly idealTree:prePrune ├── @types/mongodb@3.6.17
38 silly idealTree:prePrune ├── @types/node@15.6.2
38 silly idealTree:prePrune ├── abbrev@1.1.1
38 silly idealTree:prePrune ├── accepts@1.3.7
38 silly idealTree:prePrune ├─┬ ansi-align@3.0.0
38 silly idealTree:prePrune │ └── string-width@3.1.0
38 silly idealTree:prePrune ├── ansi-regex@4.1.0
38 silly idealTree:prePrune ├── ansi-styles@4.3.0
38 silly idealTree:prePrune ├── anymatch@3.1.2
38 silly idealTree:prePrune ├── array-flatten@1.1.1
38 silly idealTree:prePrune ├── at-least-node@1.0.0
38 silly idealTree:prePrune ├── balanced-match@1.0.2
38 silly idealTree:prePrune ├── base64url@3.0.1
38 silly idealTree:prePrune ├─┬ basic-auth@2.0.1
38 silly idealTree:prePrune │ └── safe-buffer@5.1.2
38 silly idealTree:prePrune ├── binary-extensions@2.2.0
38 silly idealTree:prePrune ├── bl@2.2.1
38 silly idealTree:prePrune ├── bluebird@3.5.1
38 silly idealTree:prePrune ├── body-parser@1.19.0
38 silly idealTree:prePrune ├── boxen@4.2.0
38 silly idealTree:prePrune ├── brace-expansion@1.1.11
38 silly idealTree:prePrune ├── braces@3.0.2
38 silly idealTree:prePrune ├── bson@1.1.6
38 silly idealTree:prePrune ├── bytes@3.1.0
38 silly idealTree:prePrune ├─┬ cacheable-request@6.1.0
38 silly idealTree:prePrune │ ├── get-stream@5.2.0
38 silly idealTree:prePrune │ └── lowercase-keys@2.0.0
38 silly idealTree:prePrune ├── camelcase@5.3.1
38 silly idealTree:prePrune ├─┬ chalk@3.0.0
38 silly idealTree:prePrune │ ├── has-flag@4.0.0
38 silly idealTree:prePrune │ └── supports-color@7.2.0
38 silly idealTree:prePrune ├── chokidar@3.5.1
38 silly idealTree:prePrune ├── ci-info@2.0.0
38 silly idealTree:prePrune ├── cli-boxes@2.2.1
38 silly idealTree:prePrune ├── clone-response@1.0.2
38 silly idealTree:prePrune ├── color-convert@2.0.1
38 silly idealTree:prePrune ├── color-name@1.1.4
38 silly idealTree:prePrune ├── concat-map@0.0.1
38 silly idealTree:prePrune ├── configstore@5.0.1
38 silly idealTree:prePrune ├── connect-mongo@3.2.0
38 silly idealTree:prePrune ├─┬ content-disposition@0.5.3
38 silly idealTree:prePrune │ └── safe-buffer@5.1.2
38 silly idealTree:prePrune ├── content-type@1.0.4
38 silly idealTree:prePrune ├── cookie-signature@1.0.6
38 silly idealTree:prePrune ├── cookie@0.4.0
38 silly idealTree:prePrune ├── core-util-is@1.0.2
38 silly idealTree:prePrune ├── cross-env@7.0.3
38 silly idealTree:prePrune ├── cross-spawn@7.0.3
38 silly idealTree:prePrune ├── crypto-random-string@2.0.0
38 silly idealTree:prePrune ├── debug@2.6.9
38 silly idealTree:prePrune ├── decompress-response@3.3.0
38 silly idealTree:prePrune ├── deep-extend@0.6.0
38 silly idealTree:prePrune ├── defer-to-connect@1.1.3
38 silly idealTree:prePrune ├── denque@1.5.0
38 silly idealTree:prePrune ├── depd@1.1.2
38 silly idealTree:prePrune ├── destroy@1.0.4
38 silly idealTree:prePrune ├── dot-prop@5.3.0
38 silly idealTree:prePrune ├── dotenv@8.6.0
38 silly idealTree:prePrune ├── duplexer3@0.1.4
38 silly idealTree:prePrune ├── ee-first@1.1.1
38 silly idealTree:prePrune ├── emoji-regex@7.0.3
38 silly idealTree:prePrune ├── encodeurl@1.0.2
38 silly idealTree:prePrune ├── end-of-stream@1.4.4
38 silly idealTree:prePrune ├── escape-goat@2.1.1
38 silly idealTree:prePrune ├── escape-html@1.0.3
38 silly idealTree:prePrune ├── etag@1.8.1
38 silly idealTree:prePrune ├── express-handlebars@4.0.6
38 silly idealTree:prePrune ├─┬ express-session@1.17.2
38 silly idealTree:prePrune │ ├── cookie@0.4.1
38 silly idealTree:prePrune │ └── depd@2.0.0
38 silly idealTree:prePrune ├─┬ express@4.17.1
38 silly idealTree:prePrune │ └── safe-buffer@5.1.2
38 silly idealTree:prePrune ├── fill-range@7.0.1
38 silly idealTree:prePrune ├── finalhandler@1.1.2
38 silly idealTree:prePrune ├── forwarded@0.2.0
38 silly idealTree:prePrune ├── fresh@0.5.2
38 silly idealTree:prePrune ├── fs-extra@9.1.0
38 silly idealTree:prePrune ├── fs.realpath@1.0.0
38 silly idealTree:prePrune ├── get-stream@4.1.0
38 silly idealTree:prePrune ├── glob-parent@5.1.2
38 silly idealTree:prePrune ├── glob@7.1.7
38 silly idealTree:prePrune ├── global-dirs@2.1.0
38 silly idealTree:prePrune ├── got@9.6.0
38 silly idealTree:prePrune ├── graceful-fs@4.2.6
38 silly idealTree:prePrune ├── handlebars@4.7.7
38 silly idealTree:prePrune ├── has-flag@3.0.0
38 silly idealTree:prePrune ├── has-yarn@2.1.0
38 silly idealTree:prePrune ├── http-cache-semantics@4.1.0
38 silly idealTree:prePrune ├─┬ http-errors@1.7.2
38 silly idealTree:prePrune │ └── inherits@2.0.3
38 silly idealTree:prePrune ├── iconv-lite@0.4.24
38 silly idealTree:prePrune ├── ignore-by-default@1.0.1
38 silly idealTree:prePrune ├── import-lazy@2.1.0
38 silly idealTree:prePrune ├── imurmurhash@0.1.4
38 silly idealTree:prePrune ├── inflight@1.0.6
38 silly idealTree:prePrune ├── inherits@2.0.4
38 silly idealTree:prePrune ├── ini@1.3.7
38 silly idealTree:prePrune ├── ipaddr.js@1.9.1
38 silly idealTree:prePrune ├── is-binary-path@2.1.0
38 silly idealTree:prePrune ├── is-ci@2.0.0
38 silly idealTree:prePrune ├── is-extglob@2.1.1
38 silly idealTree:prePrune ├── is-fullwidth-code-point@2.0.0
38 silly idealTree:prePrune ├── is-glob@4.0.1
38 silly idealTree:prePrune ├── is-installed-globally@0.3.2
38 silly idealTree:prePrune ├── is-npm@4.0.0
38 silly idealTree:prePrune ├── is-number@7.0.0
38 silly idealTree:prePrune ├── is-obj@2.0.0
38 silly idealTree:prePrune ├── is-path-inside@3.0.3
38 silly idealTree:prePrune ├── is-typedarray@1.0.0
38 silly idealTree:prePrune ├── is-yarn-global@0.3.0
38 silly idealTree:prePrune ├── isarray@1.0.0
38 silly idealTree:prePrune ├── isexe@2.0.0
38 silly idealTree:prePrune ├── json-buffer@3.0.0
38 silly idealTree:prePrune ├── jsonfile@6.1.0
38 silly idealTree:prePrune ├── kareem@2.3.2
38 silly idealTree:prePrune ├── keyv@3.1.0
38 silly idealTree:prePrune ├── latest-version@5.1.0
38 silly idealTree:prePrune ├── lowercase-keys@1.0.1
38 silly idealTree:prePrune ├─┬ make-dir@3.1.0
38 silly idealTree:prePrune │ └── semver@6.3.0
38 silly idealTree:prePrune ├── media-typer@0.3.0
38 silly idealTree:prePrune ├── memory-pager@1.5.0
38 silly idealTree:prePrune ├── merge-descriptors@1.0.1
38 silly idealTree:prePrune ├─┬ method-override@3.0.0
38 silly idealTree:prePrune │ └── debug@3.1.0
38 silly idealTree:prePrune ├── methods@1.1.2
38 silly idealTree:prePrune ├── mime-db@1.48.0
38 silly idealTree:prePrune ├── mime-types@2.1.31
38 silly idealTree:prePrune ├── mime@1.6.0
38 silly idealTree:prePrune ├── mimic-response@1.0.1
38 silly idealTree:prePrune ├── minimatch@3.0.4
38 silly idealTree:prePrune ├── minimist@1.2.5
38 silly idealTree:prePrune ├── moment@2.29.1
38 silly idealTree:prePrune ├── mongodb@3.6.9
38 silly idealTree:prePrune ├── mongoose-legacy-pluralize@1.0.2
38 silly idealTree:prePrune ├─┬ mongoose@5.12.12
38 silly idealTree:prePrune │ ├── mongodb@3.6.8
38 silly idealTree:prePrune │ └── ms@2.1.2
38 silly idealTree:prePrune ├─┬ morgan@1.10.0
38 silly idealTree:prePrune │ └── depd@2.0.0
38 silly idealTree:prePrune ├── mpath@0.8.3
38 silly idealTree:prePrune ├─┬ mquery@3.2.5
38 silly idealTree:prePrune │ ├── debug@3.1.0
38 silly idealTree:prePrune │ └── safe-buffer@5.1.2
38 silly idealTree:prePrune ├── ms@2.0.0
38 silly idealTree:prePrune ├── negotiator@0.6.2
38 silly idealTree:prePrune ├── neo-async@2.6.2
38 silly idealTree:prePrune ├─┬ nodemon@2.0.7
38 silly idealTree:prePrune │ ├── debug@3.2.7
38 silly idealTree:prePrune │ └── ms@2.1.3
38 silly idealTree:prePrune ├── nopt@1.0.10
38 silly idealTree:prePrune ├── normalize-path@3.0.0
38 silly idealTree:prePrune ├── normalize-url@4.5.1
38 silly idealTree:prePrune ├── oauth@0.9.15
38 silly idealTree:prePrune ├── on-finished@2.3.0
38 silly idealTree:prePrune ├── on-headers@1.0.2
38 silly idealTree:prePrune ├── once@1.4.0
38 silly idealTree:prePrune ├── optional-require@1.0.3
38 silly idealTree:prePrune ├── p-cancelable@1.1.0
38 silly idealTree:prePrune ├─┬ package-json@6.5.0
38 silly idealTree:prePrune │ └── semver@6.3.0
38 silly idealTree:prePrune ├── parseurl@1.3.3
38 silly idealTree:prePrune ├── passport-google-oauth20@2.0.0
38 silly idealTree:prePrune ├── passport-oauth2@1.5.0
38 silly idealTree:prePrune ├── passport-strategy@1.0.0
38 silly idealTree:prePrune ├── passport@0.4.1
38 silly idealTree:prePrune ├── path-is-absolute@1.0.1
38 silly idealTree:prePrune ├── path-key@3.1.1
38 silly idealTree:prePrune ├── path-to-regexp@0.1.7
38 silly idealTree:prePrune ├── pause@0.0.1
38 silly idealTree:prePrune ├── picomatch@2.3.0
38 silly idealTree:prePrune ├── prepend-http@2.0.0
38 silly idealTree:prePrune ├── process-nextick-args@2.0.1
38 silly idealTree:prePrune ├── proxy-addr@2.0.7
38 silly idealTree:prePrune ├── pstree.remy@1.1.8
38 silly idealTree:prePrune ├── pump@3.0.0
38 silly idealTree:prePrune ├── pupa@2.1.1
38 silly idealTree:prePrune ├── qs@6.7.0
38 silly idealTree:prePrune ├── random-bytes@1.0.0
38 silly idealTree:prePrune ├── range-parser@1.2.1
38 silly idealTree:prePrune ├── raw-body@2.4.0
38 silly idealTree:prePrune ├── rc@1.2.8
38 silly idealTree:prePrune ├─┬ readable-stream@2.3.7
38 silly idealTree:prePrune │ └── safe-buffer@5.1.2
38 silly idealTree:prePrune ├── readdirp@3.5.0
38 silly idealTree:prePrune ├── regexp-clone@1.0.0
38 silly idealTree:prePrune ├── registry-auth-token@4.2.1
38 silly idealTree:prePrune ├── registry-url@5.1.0
38 silly idealTree:prePrune ├── responselike@1.0.2
38 silly idealTree:prePrune ├── safe-buffer@5.2.1
38 silly idealTree:prePrune ├── safer-buffer@2.1.2
38 silly idealTree:prePrune ├── saslprep@1.0.3
38 silly idealTree:prePrune ├─┬ semver-diff@3.1.1
38 silly idealTree:prePrune │ └── semver@6.3.0
38 silly idealTree:prePrune ├── semver@5.7.1
38 silly idealTree:prePrune ├─┬ send@0.17.1
38 silly idealTree:prePrune │ └── ms@2.1.1
38 silly idealTree:prePrune ├── serve-static@1.14.1
38 silly idealTree:prePrune ├── setprototypeof@1.1.1
38 silly idealTree:prePrune ├── shebang-command@2.0.0
38 silly idealTree:prePrune ├── shebang-regex@3.0.0
38 silly idealTree:prePrune ├── sift@13.5.2
38 silly idealTree:prePrune ├── signal-exit@3.0.3
38 silly idealTree:prePrune ├── sliced@1.0.1
38 silly idealTree:prePrune ├── source-map@0.6.1
38 silly idealTree:prePrune ├── sparse-bitfield@3.0.3
38 silly idealTree:prePrune ├── statuses@1.5.0
38 silly idealTree:prePrune ├─┬ string_decoder@1.1.1
38 silly idealTree:prePrune │ └── safe-buffer@5.1.2
38 silly idealTree:prePrune ├─┬ string-width@4.2.2
38 silly idealTree:prePrune │ ├── ansi-regex@5.0.0
38 silly idealTree:prePrune │ ├── emoji-regex@8.0.0
38 silly idealTree:prePrune │ ├── is-fullwidth-code-point@3.0.0
38 silly idealTree:prePrune │ └── strip-ansi@6.0.0
38 silly idealTree:prePrune ├── strip-ansi@5.2.0
38 silly idealTree:prePrune ├── strip-json-comments@2.0.1
38 silly idealTree:prePrune ├── supports-color@5.5.0
38 silly idealTree:prePrune ├── term-size@2.2.1
38 silly idealTree:prePrune ├── to-readable-stream@1.0.0
38 silly idealTree:prePrune ├── to-regex-range@5.0.1
38 silly idealTree:prePrune ├── toidentifier@1.0.0
38 silly idealTree:prePrune ├── touch@3.1.0
38 silly idealTree:prePrune ├── type-fest@0.8.1
38 silly idealTree:prePrune ├── type-is@1.6.18
38 silly idealTree:prePrune ├── typedarray-to-buffer@3.1.5
38 silly idealTree:prePrune ├── uglify-js@3.13.8
38 silly idealTree:prePrune ├── uid-safe@2.1.5
38 silly idealTree:prePrune ├── uid2@0.0.3
38 silly idealTree:prePrune ├── undefsafe@2.0.3
38 silly idealTree:prePrune ├── unique-string@2.0.0
38 silly idealTree:prePrune ├── universalify@2.0.0
38 silly idealTree:prePrune ├── unpipe@1.0.0
38 silly idealTree:prePrune ├── update-notifier@4.1.3
38 silly idealTree:prePrune ├── url-parse-lax@3.0.0
38 silly idealTree:prePrune ├── util-deprecate@1.0.2
38 silly idealTree:prePrune ├── utils-merge@1.0.1
38 silly idealTree:prePrune ├── vary@1.1.2
38 silly idealTree:prePrune ├── which@2.0.2
38 silly idealTree:prePrune ├── widest-line@3.1.0
38 silly idealTree:prePrune ├── wordwrap@1.0.0
38 silly idealTree:prePrune ├── wrappy@1.0.2
38 silly idealTree:prePrune ├── write-file-atomic@3.0.3
38 silly idealTree:prePrune └── xdg-basedir@4.0.0
39 silly loadIdealTree Finishing
40 silly currentTree storybooks@1.0.0
40 silly currentTree ├── @sindresorhus/is@0.14.0
40 silly currentTree ├── @szmarczak/http-timer@1.1.2
40 silly currentTree ├── @types/bson@4.0.3
40 silly currentTree ├── @types/mongodb@3.6.17
40 silly currentTree ├── @types/node@15.6.2
40 silly currentTree ├── abbrev@1.1.1
40 silly currentTree ├── accepts@1.3.7
40 silly currentTree ├─┬ ansi-align@3.0.0
40 silly currentTree │ └── string-width@3.1.0
40 silly currentTree ├── ansi-regex@4.1.0
40 silly currentTree ├── ansi-styles@4.3.0
40 silly currentTree ├── anymatch@3.1.2
40 silly currentTree ├── array-flatten@1.1.1
40 silly currentTree ├── at-least-node@1.0.0
40 silly currentTree ├── balanced-match@1.0.2
40 silly currentTree ├── base64url@3.0.1
40 silly currentTree ├─┬ basic-auth@2.0.1
40 silly currentTree │ └── safe-buffer@5.1.2
40 silly currentTree ├── binary-extensions@2.2.0
40 silly currentTree ├── bl@2.2.1
40 silly currentTree ├── bluebird@3.5.1
40 silly currentTree ├── body-parser@1.19.0
40 silly currentTree ├── boxen@4.2.0
40 silly currentTree ├── brace-expansion@1.1.11
40 silly currentTree ├── braces@3.0.2
40 silly currentTree ├── bson@1.1.6
40 silly currentTree ├── bytes@3.1.0
40 silly currentTree ├─┬ cacheable-request@6.1.0
40 silly currentTree │ ├── get-stream@5.2.0
40 silly currentTree │ └── lowercase-keys@2.0.0
40 silly currentTree ├── camelcase@5.3.1
40 silly currentTree ├─┬ chalk@3.0.0
40 silly currentTree │ ├── has-flag@4.0.0
40 silly currentTree │ └── supports-color@7.2.0
40 silly currentTree ├── chokidar@3.5.1
40 silly currentTree ├── ci-info@2.0.0
40 silly currentTree ├── cli-boxes@2.2.1
40 silly currentTree ├── clone-response@1.0.2
40 silly currentTree ├── color-convert@2.0.1
40 silly currentTree ├── color-name@1.1.4
40 silly currentTree ├── concat-map@0.0.1
40 silly currentTree ├── configstore@5.0.1
40 silly currentTree ├── connect-mongo@3.2.0
40 silly currentTree ├─┬ content-disposition@0.5.3
40 silly currentTree │ └── safe-buffer@5.1.2
40 silly currentTree ├── content-type@1.0.4
40 silly currentTree ├── cookie-signature@1.0.6
40 silly currentTree ├── cookie@0.4.0
40 silly currentTree ├── core-util-is@1.0.2
40 silly currentTree ├── cross-env@7.0.3
40 silly currentTree ├── cross-spawn@7.0.3
40 silly currentTree ├── crypto-random-string@2.0.0
40 silly currentTree ├── debug@2.6.9
40 silly currentTree ├── decompress-response@3.3.0
40 silly currentTree ├── deep-extend@0.6.0
40 silly currentTree ├── defer-to-connect@1.1.3
40 silly currentTree ├── denque@1.5.0
40 silly currentTree ├── depd@1.1.2
40 silly currentTree ├── destroy@1.0.4
40 silly currentTree ├── dot-prop@5.3.0
40 silly currentTree ├── dotenv@8.6.0
40 silly currentTree ├── duplexer3@0.1.4
40 silly currentTree ├── ee-first@1.1.1
40 silly currentTree ├── emoji-regex@7.0.3
40 silly currentTree ├── encodeurl@1.0.2
40 silly currentTree ├── end-of-stream@1.4.4
40 silly currentTree ├── escape-goat@2.1.1
40 silly currentTree ├── escape-html@1.0.3
40 silly currentTree ├── etag@1.8.1
40 silly currentTree ├── express-handlebars@4.0.6
40 silly currentTree ├─┬ express-session@1.17.2
40 silly currentTree │ ├── cookie@0.4.1
40 silly currentTree │ └── depd@2.0.0
40 silly currentTree ├─┬ express@4.17.1
40 silly currentTree │ └── safe-buffer@5.1.2
40 silly currentTree ├── fill-range@7.0.1
40 silly currentTree ├── finalhandler@1.1.2
40 silly currentTree ├── forwarded@0.2.0
40 silly currentTree ├── fresh@0.5.2
40 silly currentTree ├── fs-extra@9.1.0
40 silly currentTree ├── fs.realpath@1.0.0
40 silly currentTree ├── get-stream@4.1.0
40 silly currentTree ├── glob-parent@5.1.2
40 silly currentTree ├── glob@7.1.7
40 silly currentTree ├── global-dirs@2.1.0
40 silly currentTree ├── got@9.6.0
40 silly currentTree ├── graceful-fs@4.2.6
40 silly currentTree ├── handlebars@4.7.7
40 silly currentTree ├── has-flag@3.0.0
40 silly currentTree ├── has-yarn@2.1.0
40 silly currentTree ├── http-cache-semantics@4.1.0
40 silly currentTree ├─┬ http-errors@1.7.2
40 silly currentTree │ └── inherits@2.0.3
40 silly currentTree ├── iconv-lite@0.4.24
40 silly currentTree ├── ignore-by-default@1.0.1
40 silly currentTree ├── import-lazy@2.1.0
40 silly currentTree ├── imurmurhash@0.1.4
40 silly currentTree ├── inflight@1.0.6
40 silly currentTree ├── inherits@2.0.4
40 silly currentTree ├── ini@1.3.7
40 silly currentTree ├── ipaddr.js@1.9.1
40 silly currentTree ├── is-binary-path@2.1.0
40 silly currentTree ├── is-ci@2.0.0
40 silly currentTree ├── is-extglob@2.1.1
40 silly currentTree ├── is-fullwidth-code-point@2.0.0
40 silly currentTree ├── is-glob@4.0.1
40 silly currentTree ├── is-installed-globally@0.3.2
40 silly currentTree ├── is-npm@4.0.0
40 silly currentTree ├── is-number@7.0.0
40 silly currentTree ├── is-obj@2.0.0
40 silly currentTree ├── is-path-inside@3.0.3
40 silly currentTree ├── is-typedarray@1.0.0
40 silly currentTree ├── is-yarn-global@0.3.0
40 silly currentTree ├── isarray@1.0.0
40 silly currentTree ├── isexe@2.0.0
40 silly currentTree ├── json-buffer@3.0.0
40 silly currentTree ├── jsonfile@6.1.0
40 silly currentTree ├── kareem@2.3.2
40 silly currentTree ├── keyv@3.1.0
40 silly currentTree ├── latest-version@5.1.0
40 silly currentTree ├── lowercase-keys@1.0.1
40 silly currentTree ├─┬ make-dir@3.1.0
40 silly currentTree │ └── semver@6.3.0
40 silly currentTree ├── media-typer@0.3.0
40 silly currentTree ├── memory-pager@1.5.0
40 silly currentTree ├── merge-descriptors@1.0.1
40 silly currentTree ├─┬ method-override@3.0.0
40 silly currentTree │ └── debug@3.1.0
40 silly currentTree ├── methods@1.1.2
40 silly currentTree ├── mime-db@1.48.0
40 silly currentTree ├── mime-types@2.1.31
40 silly currentTree ├── mime@1.6.0
40 silly currentTree ├── mimic-response@1.0.1
40 silly currentTree ├── minimatch@3.0.4
40 silly currentTree ├── minimist@1.2.5
40 silly currentTree ├── moment@2.29.1
40 silly currentTree ├── mongodb@3.6.9
40 silly currentTree ├── mongoose-legacy-pluralize@1.0.2
40 silly currentTree ├─┬ mongoose@5.12.12
40 silly currentTree │ ├── mongodb@3.6.8
40 silly currentTree │ └── ms@2.1.2
40 silly currentTree ├─┬ morgan@1.10.0
40 silly currentTree │ └── depd@2.0.0
40 silly currentTree ├── mpath@0.8.3
40 silly currentTree ├─┬ mquery@3.2.5
40 silly currentTree │ ├── debug@3.1.0
40 silly currentTree │ └── safe-buffer@5.1.2
40 silly currentTree ├── ms@2.0.0
40 silly currentTree ├── negotiator@0.6.2
40 silly currentTree ├── neo-async@2.6.2
40 silly currentTree ├─┬ nodemon@2.0.7
40 silly currentTree │ ├── debug@3.2.7
40 silly currentTree │ └── ms@2.1.3
40 silly currentTree ├── nopt@1.0.10
40 silly currentTree ├── normalize-path@3.0.0
40 silly currentTree ├── normalize-url@4.5.1
40 silly currentTree ├── oauth@0.9.15
40 silly currentTree ├── on-finished@2.3.0
40 silly currentTree ├── on-headers@1.0.2
40 silly currentTree ├── once@1.4.0
40 silly currentTree ├── optional-require@1.0.3
40 silly currentTree ├── p-cancelable@1.1.0
40 silly currentTree ├─┬ package-json@6.5.0
40 silly currentTree │ └── semver@6.3.0
40 silly currentTree ├── parseurl@1.3.3
40 silly currentTree ├── passport-google-oauth20@2.0.0
40 silly currentTree ├── passport-oauth2@1.5.0
40 silly currentTree ├── passport-strategy@1.0.0
40 silly currentTree ├── passport@0.4.1
40 silly currentTree ├── path-is-absolute@1.0.1
40 silly currentTree ├── path-key@3.1.1
40 silly currentTree ├── path-to-regexp@0.1.7
40 silly currentTree ├── pause@0.0.1
40 silly currentTree ├── picomatch@2.3.0
40 silly currentTree ├── prepend-http@2.0.0
40 silly currentTree ├── process-nextick-args@2.0.1
40 silly currentTree ├── proxy-addr@2.0.7
40 silly currentTree ├── pstree.remy@1.1.8
40 silly currentTree ├── pump@3.0.0
40 silly currentTree ├── pupa@2.1.1
40 silly currentTree ├── qs@6.7.0
40 silly currentTree ├── random-bytes@1.0.0
40 silly currentTree ├── range-parser@1.2.1
40 silly currentTree ├── raw-body@2.4.0
40 silly currentTree ├── rc@1.2.8
40 silly currentTree ├─┬ readable-stream@2.3.7
40 silly currentTree │ └── safe-buffer@5.1.2
40 silly currentTree ├── readdirp@3.5.0
40 silly currentTree ├── regexp-clone@1.0.0
40 silly currentTree ├── registry-auth-token@4.2.1
40 silly currentTree ├── registry-url@5.1.0
40 silly currentTree ├── responselike@1.0.2
40 silly currentTree ├── safe-buffer@5.2.1
40 silly currentTree ├── safer-buffer@2.1.2
40 silly currentTree ├── saslprep@1.0.3
40 silly currentTree ├─┬ semver-diff@3.1.1
40 silly currentTree │ └── semver@6.3.0
40 silly currentTree ├── semver@5.7.1
40 silly currentTree ├─┬ send@0.17.1
40 silly currentTree │ └── ms@2.1.1
40 silly currentTree ├── serve-static@1.14.1
40 silly currentTree ├── setprototypeof@1.1.1
40 silly currentTree ├── shebang-command@2.0.0
40 silly currentTree ├── shebang-regex@3.0.0
40 silly currentTree ├── sift@13.5.2
40 silly currentTree ├── signal-exit@3.0.3
40 silly currentTree ├── sliced@1.0.1
40 silly currentTree ├── source-map@0.6.1
40 silly currentTree ├── sparse-bitfield@3.0.3
40 silly currentTree ├── statuses@1.5.0
40 silly currentTree ├─┬ string_decoder@1.1.1
40 silly currentTree │ └── safe-buffer@5.1.2
40 silly currentTree ├─┬ string-width@4.2.2
40 silly currentTree │ ├── ansi-regex@5.0.0
40 silly currentTree │ ├── emoji-regex@8.0.0
40 silly currentTree │ ├── is-fullwidth-code-point@3.0.0
40 silly currentTree │ └── strip-ansi@6.0.0
40 silly currentTree ├── strip-ansi@5.2.0
40 silly currentTree ├── strip-json-comments@2.0.1
40 silly currentTree ├── supports-color@5.5.0
40 silly currentTree ├── term-size@2.2.1
40 silly currentTree ├── to-readable-stream@1.0.0
40 silly currentTree ├── to-regex-range@5.0.1
40 silly currentTree ├── toidentifier@1.0.0
40 silly currentTree ├── touch@3.1.0
40 silly currentTree ├── type-fest@0.8.1
40 silly currentTree ├── type-is@1.6.18
40 silly currentTree ├── typedarray-to-buffer@3.1.5
40 silly currentTree ├── uglify-js@3.13.8
40 silly currentTree ├── uid-safe@2.1.5
40 silly currentTree ├── uid2@0.0.3
40 silly currentTree ├── undefsafe@2.0.3
40 silly currentTree ├── unique-string@2.0.0
40 silly currentTree ├── universalify@2.0.0
40 silly currentTree ├── unpipe@1.0.0
40 silly currentTree ├── update-notifier@4.1.3
40 silly currentTree ├── url-parse-lax@3.0.0
40 silly currentTree ├── util-deprecate@1.0.2
40 silly currentTree ├── utils-merge@1.0.1
40 silly currentTree ├── vary@1.1.2
40 silly currentTree ├── which@2.0.2
40 silly currentTree ├── widest-line@3.1.0
40 silly currentTree ├── wordwrap@1.0.0
40 silly currentTree ├── wrappy@1.0.2
40 silly currentTree ├── write-file-atomic@3.0.3
40 silly currentTree └── xdg-basedir@4.0.0
41 silly idealTree storybooks@1.0.0
41 silly idealTree ├── @sindresorhus/is@0.14.0
41 silly idealTree ├── @szmarczak/http-timer@1.1.2
41 silly idealTree ├── @types/bson@4.0.3
41 silly idealTree ├── @types/mongodb@3.6.17
41 silly idealTree ├── @types/node@15.6.2
41 silly idealTree ├── abbrev@1.1.1
41 silly idealTree ├── accepts@1.3.7
41 silly idealTree ├─┬ ansi-align@3.0.0
41 silly idealTree │ └── string-width@3.1.0
41 silly idealTree ├── ansi-regex@4.1.0
41 silly idealTree ├── ansi-styles@4.3.0
41 silly idealTree ├── anymatch@3.1.2
41 silly idealTree ├── array-flatten@1.1.1
41 silly idealTree ├── at-least-node@1.0.0
41 silly idealTree ├── balanced-match@1.0.2
41 silly idealTree ├── base64url@3.0.1
41 silly idealTree ├─┬ basic-auth@2.0.1
41 silly idealTree │ └── safe-buffer@5.1.2
41 silly idealTree ├── binary-extensions@2.2.0
41 silly idealTree ├── bl@2.2.1
41 silly idealTree ├── bluebird@3.5.1
41 silly idealTree ├── body-parser@1.19.0
41 silly idealTree ├── boxen@4.2.0
41 silly idealTree ├── brace-expansion@1.1.11
41 silly idealTree ├── braces@3.0.2
41 silly idealTree ├── bson@1.1.6
41 silly idealTree ├── bytes@3.1.0
41 silly idealTree ├─┬ cacheable-request@6.1.0
41 silly idealTree │ ├── get-stream@5.2.0
41 silly idealTree │ └── lowercase-keys@2.0.0
41 silly idealTree ├── camelcase@5.3.1
41 silly idealTree ├─┬ chalk@3.0.0
41 silly idealTree │ ├── has-flag@4.0.0
41 silly idealTree │ └── supports-color@7.2.0
41 silly idealTree ├── chokidar@3.5.1
41 silly idealTree ├── ci-info@2.0.0
41 silly idealTree ├── cli-boxes@2.2.1
41 silly idealTree ├── clone-response@1.0.2
41 silly idealTree ├── color-convert@2.0.1
41 silly idealTree ├── color-name@1.1.4
41 silly idealTree ├── concat-map@0.0.1
41 silly idealTree ├── configstore@5.0.1
41 silly idealTree ├── connect-mongo@3.2.0
41 silly idealTree ├─┬ content-disposition@0.5.3
41 silly idealTree │ └── safe-buffer@5.1.2
41 silly idealTree ├── content-type@1.0.4
41 silly idealTree ├── cookie-signature@1.0.6
41 silly idealTree ├── cookie@0.4.0
41 silly idealTree ├── core-util-is@1.0.2
41 silly idealTree ├── cross-env@7.0.3
41 silly idealTree ├── cross-spawn@7.0.3
41 silly idealTree ├── crypto-random-string@2.0.0
41 silly idealTree ├── debug@2.6.9
41 silly idealTree ├── decompress-response@3.3.0
41 silly idealTree ├── deep-extend@0.6.0
41 silly idealTree ├── defer-to-connect@1.1.3
41 silly idealTree ├── denque@1.5.0
41 silly idealTree ├── depd@1.1.2
41 silly idealTree ├── destroy@1.0.4
41 silly idealTree ├── dot-prop@5.3.0
41 silly idealTree ├── dotenv@8.6.0
41 silly idealTree ├── duplexer3@0.1.4
41 silly idealTree ├── ee-first@1.1.1
41 silly idealTree ├── emoji-regex@7.0.3
41 silly idealTree ├── encodeurl@1.0.2
41 silly idealTree ├── end-of-stream@1.4.4
41 silly idealTree ├── escape-goat@2.1.1
41 silly idealTree ├── escape-html@1.0.3
41 silly idealTree ├── etag@1.8.1
41 silly idealTree ├── express-handlebars@4.0.6
41 silly idealTree ├─┬ express-session@1.17.2
41 silly idealTree │ ├── cookie@0.4.1
41 silly idealTree │ └── depd@2.0.0
41 silly idealTree ├─┬ express@4.17.1
41 silly idealTree │ └── safe-buffer@5.1.2
41 silly idealTree ├── fill-range@7.0.1
41 silly idealTree ├── finalhandler@1.1.2
41 silly idealTree ├── forwarded@0.2.0
41 silly idealTree ├── fresh@0.5.2
41 silly idealTree ├── fs-extra@9.1.0
41 silly idealTree ├── fs.realpath@1.0.0
41 silly idealTree ├── get-stream@4.1.0
41 silly idealTree ├── glob-parent@5.1.2
41 silly idealTree ├── glob@7.1.7
41 silly idealTree ├── global-dirs@2.1.0
41 silly idealTree ├── got@9.6.0
41 silly idealTree ├── graceful-fs@4.2.6
41 silly idealTree ├── handlebars@4.7.7
41 silly idealTree ├── has-flag@3.0.0
41 silly idealTree ├── has-yarn@2.1.0
41 silly idealTree ├── http-cache-semantics@4.1.0
41 silly idealTree ├─┬ http-errors@1.7.2
41 silly idealTree │ └── inherits@2.0.3
41 silly idealTree ├── iconv-lite@0.4.24
41 silly idealTree ├── ignore-by-default@1.0.1
41 silly idealTree ├── import-lazy@2.1.0
41 silly idealTree ├── imurmurhash@0.1.4
41 silly idealTree ├── inflight@1.0.6
41 silly idealTree ├── inherits@2.0.4
41 silly idealTree ├── ini@1.3.7
41 silly idealTree ├── ipaddr.js@1.9.1
41 silly idealTree ├── is-binary-path@2.1.0
41 silly idealTree ├── is-ci@2.0.0
41 silly idealTree ├── is-extglob@2.1.1
41 silly idealTree ├── is-fullwidth-code-point@2.0.0
41 silly idealTree ├── is-glob@4.0.1
41 silly idealTree ├── is-installed-globally@0.3.2
41 silly idealTree ├── is-npm@4.0.0
41 silly idealTree ├── is-number@7.0.0
41 silly idealTree ├── is-obj@2.0.0
41 silly idealTree ├── is-path-inside@3.0.3
41 silly idealTree ├── is-typedarray@1.0.0
41 silly idealTree ├── is-yarn-global@0.3.0
41 silly idealTree ├── isarray@1.0.0
41 silly idealTree ├── isexe@2.0.0
41 silly idealTree ├── json-buffer@3.0.0
41 silly idealTree ├── jsonfile@6.1.0
41 silly idealTree ├── kareem@2.3.2
41 silly idealTree ├── keyv@3.1.0
41 silly idealTree ├── latest-version@5.1.0
41 silly idealTree ├── lowercase-keys@1.0.1
41 silly idealTree ├─┬ make-dir@3.1.0
41 silly idealTree │ └── semver@6.3.0
41 silly idealTree ├── media-typer@0.3.0
41 silly idealTree ├── memory-pager@1.5.0
41 silly idealTree ├── merge-descriptors@1.0.1
41 silly idealTree ├─┬ method-override@3.0.0
41 silly idealTree │ └── debug@3.1.0
41 silly idealTree ├── methods@1.1.2
41 silly idealTree ├── mime-db@1.48.0
41 silly idealTree ├── mime-types@2.1.31
41 silly idealTree ├── mime@1.6.0
41 silly idealTree ├── mimic-response@1.0.1
41 silly idealTree ├── minimatch@3.0.4
41 silly idealTree ├── minimist@1.2.5
41 silly idealTree ├── moment@2.29.1
41 silly idealTree ├── mongodb@3.6.9
41 silly idealTree ├── mongoose-legacy-pluralize@1.0.2
41 silly idealTree ├─┬ mongoose@5.12.12
41 silly idealTree │ ├── mongodb@3.6.8
41 silly idealTree │ └── ms@2.1.2
41 silly idealTree ├─┬ morgan@1.10.0
41 silly idealTree │ └── depd@2.0.0
41 silly idealTree ├── mpath@0.8.3
41 silly idealTree ├─┬ mquery@3.2.5
41 silly idealTree │ ├── debug@3.1.0
41 silly idealTree │ └── safe-buffer@5.1.2
41 silly idealTree ├── ms@2.0.0
41 silly idealTree ├── negotiator@0.6.2
41 silly idealTree ├── neo-async@2.6.2
41 silly idealTree ├─┬ nodemon@2.0.7
41 silly idealTree │ ├── debug@3.2.7
41 silly idealTree │ └── ms@2.1.3
41 silly idealTree ├── nopt@1.0.10
41 silly idealTree ├── normalize-path@3.0.0
41 silly idealTree ├── normalize-url@4.5.1
41 silly idealTree ├── oauth@0.9.15
41 silly idealTree ├── on-finished@2.3.0
41 silly idealTree ├── on-headers@1.0.2
41 silly idealTree ├── once@1.4.0
41 silly idealTree ├── optional-require@1.0.3
41 silly idealTree ├── p-cancelable@1.1.0
41 silly idealTree ├─┬ package-json@6.5.0
41 silly idealTree │ └── semver@6.3.0
41 silly idealTree ├── parseurl@1.3.3
41 silly idealTree ├── passport-google-oauth20@2.0.0
41 silly idealTree ├── passport-oauth2@1.5.0
41 silly idealTree ├── passport-strategy@1.0.0
41 silly idealTree ├── passport@0.4.1
41 silly idealTree ├── path-is-absolute@1.0.1
41 silly idealTree ├── path-key@3.1.1
41 silly idealTree ├── path-to-regexp@0.1.7
41 silly idealTree ├── pause@0.0.1
41 silly idealTree ├── picomatch@2.3.0
41 silly idealTree ├── prepend-http@2.0.0
41 silly idealTree ├── process-nextick-args@2.0.1
41 silly idealTree ├── proxy-addr@2.0.7
41 silly idealTree ├── pstree.remy@1.1.8
41 silly idealTree ├── pump@3.0.0
41 silly idealTree ├── pupa@2.1.1
41 silly idealTree ├── qs@6.7.0
41 silly idealTree ├── random-bytes@1.0.0
41 silly idealTree ├── range-parser@1.2.1
41 silly idealTree ├── raw-body@2.4.0
41 silly idealTree ├── rc@1.2.8
41 silly idealTree ├─┬ readable-stream@2.3.7
41 silly idealTree │ └── safe-buffer@5.1.2
41 silly idealTree ├── readdirp@3.5.0
41 silly idealTree ├── regexp-clone@1.0.0
41 silly idealTree ├── registry-auth-token@4.2.1
41 silly idealTree ├── registry-url@5.1.0
41 silly idealTree ├── responselike@1.0.2
41 silly idealTree ├── safe-buffer@5.2.1
41 silly idealTree ├── safer-buffer@2.1.2
41 silly idealTree ├── saslprep@1.0.3
41 silly idealTree ├─┬ semver-diff@3.1.1
41 silly idealTree │ └── semver@6.3.0
41 silly idealTree ├── semver@5.7.1
41 silly idealTree ├─┬ send@0.17.1
41 silly idealTree │ └── ms@2.1.1
41 silly idealTree ├── serve-static@1.14.1
41 silly idealTree ├── setprototypeof@1.1.1
41 silly idealTree ├── shebang-command@2.0.0
41 silly idealTree ├── shebang-regex@3.0.0
41 silly idealTree ├── sift@13.5.2
41 silly idealTree ├── signal-exit@3.0.3
41 silly idealTree ├── sliced@1.0.1
41 silly idealTree ├── source-map@0.6.1
41 silly idealTree ├── sparse-bitfield@3.0.3
41 silly idealTree ├── statuses@1.5.0
41 silly idealTree ├─┬ string_decoder@1.1.1
41 silly idealTree │ └── safe-buffer@5.1.2
41 silly idealTree ├─┬ string-width@4.2.2
41 silly idealTree │ ├── ansi-regex@5.0.0
41 silly idealTree │ ├── emoji-regex@8.0.0
41 silly idealTree │ ├── is-fullwidth-code-point@3.0.0
41 silly idealTree │ └── strip-ansi@6.0.0
41 silly idealTree ├── strip-ansi@5.2.0
41 silly idealTree ├── strip-json-comments@2.0.1
41 silly idealTree ├── supports-color@5.5.0
41 silly idealTree ├── term-size@2.2.1
41 silly idealTree ├── to-readable-stream@1.0.0
41 silly idealTree ├── to-regex-range@5.0.1
41 silly idealTree ├── toidentifier@1.0.0
41 silly idealTree ├── touch@3.1.0
41 silly idealTree ├── type-fest@0.8.1
41 silly idealTree ├── type-is@1.6.18
41 silly idealTree ├── typedarray-to-buffer@3.1.5
41 silly idealTree ├── uglify-js@3.13.8
41 silly idealTree ├── uid-safe@2.1.5
41 silly idealTree ├── uid2@0.0.3
41 silly idealTree ├── undefsafe@2.0.3
41 silly idealTree ├── unique-string@2.0.0
41 silly idealTree ├── universalify@2.0.0
41 silly idealTree ├── unpipe@1.0.0
41 silly idealTree ├── update-notifier@4.1.3
41 silly idealTree ├── url-parse-lax@3.0.0
41 silly idealTree ├── util-deprecate@1.0.2
41 silly idealTree ├── utils-merge@1.0.1
41 silly idealTree ├── vary@1.1.2
41 silly idealTree ├── which@2.0.2
41 silly idealTree ├── widest-line@3.1.0
41 silly idealTree ├── wordwrap@1.0.0
41 silly idealTree ├── wrappy@1.0.2
41 silly idealTree ├── write-file-atomic@3.0.3
41 silly idealTree └── xdg-basedir@4.0.0
42 silly generateActionsToTake Starting
43 silly install generateActionsToTake
44 silly generateActionsToTake Finishing
45 silly diffTrees action count 0
46 silly decomposeActions action count 0
47 silly executeActions Starting
48 silly install executeActions
49 silly doSerial global-install 0
50 silly doParallel fetch 0
51 verbose lock using /home/linuxadmin/.npm/_locks/staging-aca35daaa01daa2a.lock for /home/linuxadmin/capstone-project/storybooks/node_modules/.staging
52 silly doParallel extract 0
53 silly doParallel preinstall 0
54 silly doReverseSerial remove 0
55 silly doSerial move 0
56 silly doSerial finalize 0
57 silly doSerial build 0
58 silly doSerial global-link 0
59 silly doParallel update-linked 0
60 silly doSerial install 0
61 silly doSerial postinstall 0
62 verbose unlock done using /home/linuxadmin/.npm/_locks/staging-aca35daaa01daa2a.lock for /home/linuxadmin/capstone-project/storybooks/node_modules/.staging
63 silly executeActions Finishing
64 silly rollbackFailedOptional Starting
65 silly rollbackFailedOptional Finishing
66 silly runTopLevelLifecycles Starting
67 silly install runTopLevelLifecycles
68 silly preinstall storybooks@1.0.0 /home/linuxadmin/capstone-project/storybooks/storybooks-2fa44eaf
69 info lifecycle storybooks@1.0.0~preinstall: storybooks@1.0.0
70 silly lifecycle storybooks@1.0.0~preinstall: no script for preinstall, continuing
71 silly build storybooks@1.0.0
72 info linkStuff storybooks@1.0.0
73 silly linkStuff storybooks@1.0.0 has /home/linuxadmin/capstone-project as its parent node_modules
74 verbose linkBins storybooks@1.0.0
75 verbose linkMans storybooks@1.0.0
76 silly install storybooks@1.0.0 /home/linuxadmin/capstone-project/storybooks/storybooks-2fa44eaf
77 info lifecycle storybooks@1.0.0~install: storybooks@1.0.0
78 silly lifecycle storybooks@1.0.0~install: no script for install, continuing
79 silly postinstall storybooks@1.0.0 /home/linuxadmin/capstone-project/storybooks/storybooks-2fa44eaf
80 info lifecycle storybooks@1.0.0~postinstall: storybooks@1.0.0
81 verbose lifecycle storybooks@1.0.0~postinstall: unsafe-perm in lifecycle true
82 verbose lifecycle storybooks@1.0.0~postinstall: PATH: /usr/share/npm/bin/node-gyp-bin:/home/linuxadmin/capstone-project/storybooks/node_modules/.bin:/usr/local/sbin:/usr/local/bin:/usr/sbin:/usr/bin:/sbin:/bin:/usr/games:/usr/local/games:/snap/bin
83 verbose lifecycle storybooks@1.0.0~postinstall: CWD: /home/linuxadmin/capstone-project/storybooks
84 silly lifecycle storybooks@1.0.0~postinstall: Args: [ '-c', 'node ./scripts/post-install.js' ]
85 silly lifecycle storybooks@1.0.0~postinstall: Returned: code: 1  signal: null
86 info lifecycle storybooks@1.0.0~postinstall: Failed to exec postinstall script
87 warn optional Skipping failed optional dependency /chokidar/fsevents:
88 warn notsup Not compatible with your operating system or architecture: fsevents@2.3.2
89 warn storybooks@1.0.0 No repository field.
90 verbose stack Error: storybooks@1.0.0 postinstall: `node ./scripts/post-install.js`
90 verbose stack Exit status 1
90 verbose stack     at EventEmitter.<anonymous> (/usr/share/npm/lib/utils/lifecycle.js:232:16)
90 verbose stack     at emitTwo (events.js:126:13)
90 verbose stack     at EventEmitter.emit (events.js:214:7)
90 verbose stack     at ChildProcess.<anonymous> (/usr/share/npm/lib/utils/spawn.js:24:14)
90 verbose stack     at emitTwo (events.js:126:13)
90 verbose stack     at ChildProcess.emit (events.js:214:7)
90 verbose stack     at maybeClose (internal/child_process.js:925:16)
90 verbose stack     at Process.ChildProcess._handle.onexit (internal/child_process.js:209:5)
91 verbose pkgid storybooks@1.0.0
92 verbose cwd /home/linuxadmin/capstone-project/storybooks
93 error Linux 5.4.0-1047-azure
94 error argv "/usr/bin/node" "/usr/bin/npm" "install"
95 error node v8.10.0
96 error npm  v3.5.2
97 error code ELIFECYCLE
98 error storybooks@1.0.0 postinstall: `node ./scripts/post-install.js`
98 error Exit status 1
99 error Failed at the storybooks@1.0.0 postinstall script 'node ./scripts/post-install.js'.
99 error Make sure you have the latest version of node.js and npm installed.
99 error If you do, this is most likely a problem with the storybooks package,
99 error not with npm itself.
99 error Tell the author that this fails on your system:
99 error     node ./scripts/post-install.js
99 error You can get information on how to open an issue for this project with:
99 error     npm bugs storybooks
99 error Or if that isn't available, you can get their info via:
99 error     npm owner ls storybooks
99 error There is likely additional logging output above.
100 verbose exit [ 1, true ]
